<?xml version="1.0" encoding="UTF-8"?>
<!-- Generated by org.testng.reporters.JUnitReportReporter -->
<testsuite hostname="DESKTOP-UT36VCE" failures="0" tests="24" name="Testpkg.Testclass" time="89.136" errors="0" timestamp="2025-08-05T14:46:28 IST" skipped="0">
  <testcase classname="Testpkg.Testclass" name="testABTestPage" time="6.224"/>
  <system-out/>
  <testcase classname="Testpkg.Testclass" name="testAddRemoveElements" time="1.291"/>
  <system-out/>
  <testcase classname="Testpkg.Testclass" name="testBasicAuth" time="4.654"/>
  <system-out/>
  <testcase classname="Testpkg.Testclass" name="testBrokenImages" time="3.884"/>
  <system-out/>
  <testcase classname="Testpkg.Testclass" name="testRichTextEditor" time="2.692"/>
  <system-out/>
  <testcase classname="Testpkg.Testclass" name="testTyposPage" time="0.693"/>
  <system-out/>
  <testcase classname="Testpkg.Testclass" name="testStatusCodes" time="0.930"/>
  <system-out/>
  <testcase classname="Testpkg.Testclass" name="testCheckboxes" time="0.813"/>
  <system-out/>
  <testcase classname="Testpkg.Testclass" name="testContextMenu" time="0.961"/>
  <system-out/>
  <testcase classname="Testpkg.Testclass" name="testDirectAuth" time="2.874"/>
  <system-out/>
  <testcase classname="Testpkg.Testclass" name="testDragAndDrop" time="1.447"/>
  <system-out/>
  <testcase classname="Testpkg.Testclass" name="testDropdown" time="0.870"/>
  <system-out/>
  <testcase classname="Testpkg.Testclass" name="testDynamicControls" time="9.181"/>
  <system-out/>
  <testcase classname="Testpkg.Testclass" name="testDynamicLoading" time="10.195"/>
  <system-out/>
  <testcase classname="Testpkg.Testclass" name="testFileDownload" time="1.879"/>
  <system-out/>
  <testcase classname="Testpkg.Testclass" name="testFileUpload" time="6.273"/>
  <system-out/>
  <testcase classname="Testpkg.Testclass" name="testFormAuthentication" time="8.092"/>
  <system-out/>
  <testcase classname="Testpkg.Testclass" name="testSlider" time="2.227"/>
  <system-out/>
  <testcase classname="Testpkg.Testclass" name="testHoverTooltips" time="2.977"/>
  <system-out/>
  <testcase classname="Testpkg.Testclass" name="testInputField" time="0.841"/>
  <system-out/>
  <testcase classname="Testpkg.Testclass" name="testJQueryUI" time="10.878"/>
  <system-out/>
  <testcase classname="Testpkg.Testclass" name="testJavaScriptAlerts" time="1.171"/>
  <system-out/>
  <testcase classname="Testpkg.Testclass" name="testKeyPresses" time="6.950"/>
  <system-out/>
  <testcase classname="Testpkg.Testclass" name="testMultipleWindows" time="1.139"/>
  <system-out/>
</testsuite> <!-- Testpkg.Testclass -->
